<?xml version="1.0" encoding="UTF-8"?>
<!-- Generated by org.testng.reporters.JUnitReportReporter -->
<testsuite hostname="DESKTOP-S4DJDUQ" failures="0" tests="1" name="Test_Class.test" time="8.210" errors="0" timestamp="2022-09-04T21:43:32 IST" skipped="0">
  <testcase classname="Test_Class.test" name="verifyuserID" time="8.210"/>
  <system-out>
    <![CDATA[running verify user id]]>
  </system-out>
</testsuite> <!-- Test_Class.test -->
